#! /usr/bin/vvp
:ivl_version "12.0 (stable)";
:ivl_delay_selection "TYPICAL";
:vpi_time_precision + 0;
:vpi_module "/usr/lib/aarch64-linux-gnu/ivl/system.vpi";
:vpi_module "/usr/lib/aarch64-linux-gnu/ivl/vhdl_sys.vpi";
:vpi_module "/usr/lib/aarch64-linux-gnu/ivl/vhdl_textio.vpi";
:vpi_module "/usr/lib/aarch64-linux-gnu/ivl/v2005_math.vpi";
:vpi_module "/usr/lib/aarch64-linux-gnu/ivl/va_math.vpi";
S_0xb869c279ea60 .scope module, "controller" "controller" 2 1;
 .timescale 0 0;
    .port_info 0 /INPUT 7 "opcode";
    .port_info 1 /INPUT 3 "funct3";
    .port_info 2 /INPUT 7 "funct7";
    .port_info 3 /OUTPUT 1 "rf_we";
    .port_info 4 /OUTPUT 1 "mem_we";
    .port_info 5 /OUTPUT 2 "wb_sel";
    .port_info 6 /OUTPUT 1 "alu_src";
    .port_info 7 /OUTPUT 3 "imm_sel";
    .port_info 8 /OUTPUT 4 "alu_ctrl";
    .port_info 9 /OUTPUT 1 "branch";
    .port_info 10 /OUTPUT 1 "jump";
v0xb869c279ed00_0 .var "alu_ctrl", 3 0;
v0xb869c27ca840_0 .var "alu_src", 0 0;
v0xb869c27ca900_0 .var "branch", 0 0;
o0xe3634b97f0a8 .functor BUFZ 3, C4<zzz>; HiZ drive
v0xb869c27ca9a0_0 .net "funct3", 2 0, o0xe3634b97f0a8;  0 drivers
o0xe3634b97f0d8 .functor BUFZ 7, C4<zzzzzzz>; HiZ drive
v0xb869c27caa80_0 .net "funct7", 6 0, o0xe3634b97f0d8;  0 drivers
v0xb869c27cab60_0 .var "imm_sel", 2 0;
v0xb869c27cac40_0 .var "jump", 0 0;
v0xb869c27cad00_0 .var "mem_we", 0 0;
o0xe3634b97f198 .functor BUFZ 7, C4<zzzzzzz>; HiZ drive
v0xb869c27cadc0_0 .net "opcode", 6 0, o0xe3634b97f198;  0 drivers
v0xb869c27caea0_0 .var "rf_we", 0 0;
v0xb869c27caf60_0 .var "wb_sel", 1 0;
E_0xb869c27aca20 .event anyedge, v0xb869c27cadc0_0, v0xb869c27ca9a0_0, v0xb869c27caa80_0;
    .scope S_0xb869c279ea60;
T_0 ;
    %wait E_0xb869c27aca20;
    %pushi/vec4 0, 0, 1;
    %store/vec4 v0xb869c27caea0_0, 0, 1;
    %pushi/vec4 0, 0, 1;
    %store/vec4 v0xb869c27cad00_0, 0, 1;
    %pushi/vec4 0, 0, 2;
    %store/vec4 v0xb869c27caf60_0, 0, 2;
    %pushi/vec4 0, 0, 1;
    %store/vec4 v0xb869c27ca840_0, 0, 1;
    %pushi/vec4 0, 0, 3;
    %store/vec4 v0xb869c27cab60_0, 0, 3;
    %pushi/vec4 0, 0, 4;
    %store/vec4 v0xb869c279ed00_0, 0, 4;
    %pushi/vec4 0, 0, 1;
    %store/vec4 v0xb869c27ca900_0, 0, 1;
    %pushi/vec4 0, 0, 1;
    %store/vec4 v0xb869c27cac40_0, 0, 1;
    %load/vec4 v0xb869c27cadc0_0;
    %dup/vec4;
    %pushi/vec4 51, 0, 7;
    %cmp/u;
    %jmp/1 T_0.0, 6;
    %dup/vec4;
    %pushi/vec4 19, 0, 7;
    %cmp/u;
    %jmp/1 T_0.1, 6;
    %dup/vec4;
    %pushi/vec4 99, 0, 7;
    %cmp/u;
    %jmp/1 T_0.2, 6;
    %dup/vec4;
    %pushi/vec4 111, 0, 7;
    %cmp/u;
    %jmp/1 T_0.3, 6;
    %dup/vec4;
    %pushi/vec4 3, 0, 7;
    %cmp/u;
    %jmp/1 T_0.4, 6;
    %dup/vec4;
    %pushi/vec4 35, 0, 7;
    %cmp/u;
    %jmp/1 T_0.5, 6;
    %dup/vec4;
    %pushi/vec4 55, 0, 7;
    %cmp/u;
    %jmp/1 T_0.6, 6;
    %jmp T_0.7;
T_0.0 ;
    %pushi/vec4 1, 0, 1;
    %store/vec4 v0xb869c27caea0_0, 0, 1;
    %pushi/vec4 0, 0, 1;
    %store/vec4 v0xb869c27ca840_0, 0, 1;
    %pushi/vec4 0, 0, 2;
    %store/vec4 v0xb869c27caf60_0, 0, 2;
    %load/vec4 v0xb869c27ca9a0_0;
    %dup/vec4;
    %pushi/vec4 0, 0, 3;
    %cmp/u;
    %jmp/1 T_0.8, 6;
    %dup/vec4;
    %pushi/vec4 1, 0, 3;
    %cmp/u;
    %jmp/1 T_0.9, 6;
    %dup/vec4;
    %pushi/vec4 2, 0, 3;
    %cmp/u;
    %jmp/1 T_0.10, 6;
    %dup/vec4;
    %pushi/vec4 4, 0, 3;
    %cmp/u;
    %jmp/1 T_0.11, 6;
    %dup/vec4;
    %pushi/vec4 5, 0, 3;
    %cmp/u;
    %jmp/1 T_0.12, 6;
    %dup/vec4;
    %pushi/vec4 6, 0, 3;
    %cmp/u;
    %jmp/1 T_0.13, 6;
    %dup/vec4;
    %pushi/vec4 7, 0, 3;
    %cmp/u;
    %jmp/1 T_0.14, 6;
    %pushi/vec4 0, 0, 4;
    %store/vec4 v0xb869c279ed00_0, 0, 4;
    %jmp T_0.16;
T_0.8 ;
    %load/vec4 v0xb869c27caa80_0;
    %parti/s 1, 5, 4;
    %flag_set/vec4 8;
    %jmp/0 T_0.17, 8;
    %pushi/vec4 1, 0, 4;
    %jmp/1 T_0.18, 8;
T_0.17 ; End of true expr.
    %pushi/vec4 0, 0, 4;
    %jmp/0 T_0.18, 8;
 ; End of false expr.
    %blend;
T_0.18;
    %store/vec4 v0xb869c279ed00_0, 0, 4;
    %jmp T_0.16;
T_0.9 ;
    %pushi/vec4 2, 0, 4;
    %store/vec4 v0xb869c279ed00_0, 0, 4;
    %jmp T_0.16;
T_0.10 ;
    %pushi/vec4 3, 0, 4;
    %store/vec4 v0xb869c279ed00_0, 0, 4;
    %jmp T_0.16;
T_0.11 ;
    %pushi/vec4 5, 0, 4;
    %store/vec4 v0xb869c279ed00_0, 0, 4;
    %jmp T_0.16;
T_0.12 ;
    %load/vec4 v0xb869c27caa80_0;
    %parti/s 1, 5, 4;
    %flag_set/vec4 8;
    %jmp/0 T_0.19, 8;
    %pushi/vec4 7, 0, 4;
    %jmp/1 T_0.20, 8;
T_0.19 ; End of true expr.
    %pushi/vec4 6, 0, 4;
    %jmp/0 T_0.20, 8;
 ; End of false expr.
    %blend;
T_0.20;
    %store/vec4 v0xb869c279ed00_0, 0, 4;
    %jmp T_0.16;
T_0.13 ;
    %pushi/vec4 8, 0, 4;
    %store/vec4 v0xb869c279ed00_0, 0, 4;
    %jmp T_0.16;
T_0.14 ;
    %pushi/vec4 9, 0, 4;
    %store/vec4 v0xb869c279ed00_0, 0, 4;
    %jmp T_0.16;
T_0.16 ;
    %pop/vec4 1;
    %jmp T_0.7;
T_0.1 ;
    %pushi/vec4 1, 0, 1;
    %store/vec4 v0xb869c27caea0_0, 0, 1;
    %pushi/vec4 1, 0, 1;
    %store/vec4 v0xb869c27ca840_0, 0, 1;
    %pushi/vec4 0, 0, 2;
    %store/vec4 v0xb869c27caf60_0, 0, 2;
    %pushi/vec4 0, 0, 3;
    %store/vec4 v0xb869c27cab60_0, 0, 3;
    %load/vec4 v0xb869c27ca9a0_0;
    %dup/vec4;
    %pushi/vec4 0, 0, 3;
    %cmp/u;
    %jmp/1 T_0.21, 6;
    %dup/vec4;
    %pushi/vec4 2, 0, 3;
    %cmp/u;
    %jmp/1 T_0.22, 6;
    %dup/vec4;
    %pushi/vec4 4, 0, 3;
    %cmp/u;
    %jmp/1 T_0.23, 6;
    %dup/vec4;
    %pushi/vec4 6, 0, 3;
    %cmp/u;
    %jmp/1 T_0.24, 6;
    %dup/vec4;
    %pushi/vec4 7, 0, 3;
    %cmp/u;
    %jmp/1 T_0.25, 6;
    %pushi/vec4 0, 0, 4;
    %store/vec4 v0xb869c279ed00_0, 0, 4;
    %jmp T_0.27;
T_0.21 ;
    %pushi/vec4 0, 0, 4;
    %store/vec4 v0xb869c279ed00_0, 0, 4;
    %jmp T_0.27;
T_0.22 ;
    %pushi/vec4 3, 0, 4;
    %store/vec4 v0xb869c279ed00_0, 0, 4;
    %jmp T_0.27;
T_0.23 ;
    %pushi/vec4 5, 0, 4;
    %store/vec4 v0xb869c279ed00_0, 0, 4;
    %jmp T_0.27;
T_0.24 ;
    %pushi/vec4 8, 0, 4;
    %store/vec4 v0xb869c279ed00_0, 0, 4;
    %jmp T_0.27;
T_0.25 ;
    %pushi/vec4 9, 0, 4;
    %store/vec4 v0xb869c279ed00_0, 0, 4;
    %jmp T_0.27;
T_0.27 ;
    %pop/vec4 1;
    %jmp T_0.7;
T_0.2 ;
    %pushi/vec4 0, 0, 1;
    %store/vec4 v0xb869c27caea0_0, 0, 1;
    %pushi/vec4 0, 0, 1;
    %store/vec4 v0xb869c27cad00_0, 0, 1;
    %pushi/vec4 0, 0, 1;
    %store/vec4 v0xb869c27ca840_0, 0, 1;
    %pushi/vec4 0, 0, 2;
    %store/vec4 v0xb869c27caf60_0, 0, 2;
    %pushi/vec4 2, 0, 3;
    %store/vec4 v0xb869c27cab60_0, 0, 3;
    %pushi/vec4 1, 0, 4;
    %store/vec4 v0xb869c279ed00_0, 0, 4;
    %pushi/vec4 1, 0, 1;
    %store/vec4 v0xb869c27ca900_0, 0, 1;
    %pushi/vec4 0, 0, 1;
    %store/vec4 v0xb869c27cac40_0, 0, 1;
    %jmp T_0.7;
T_0.3 ;
    %pushi/vec4 1, 0, 1;
    %store/vec4 v0xb869c27caea0_0, 0, 1;
    %pushi/vec4 0, 0, 1;
    %store/vec4 v0xb869c27cad00_0, 0, 1;
    %pushi/vec4 0, 0, 1;
    %store/vec4 v0xb869c27ca840_0, 0, 1;
    %pushi/vec4 2, 0, 2;
    %store/vec4 v0xb869c27caf60_0, 0, 2;
    %pushi/vec4 4, 0, 3;
    %store/vec4 v0xb869c27cab60_0, 0, 3;
    %pushi/vec4 0, 0, 4;
    %store/vec4 v0xb869c279ed00_0, 0, 4;
    %pushi/vec4 0, 0, 1;
    %store/vec4 v0xb869c27ca900_0, 0, 1;
    %pushi/vec4 1, 0, 1;
    %store/vec4 v0xb869c27cac40_0, 0, 1;
    %jmp T_0.7;
T_0.4 ;
    %pushi/vec4 1, 0, 1;
    %store/vec4 v0xb869c27caea0_0, 0, 1;
    %pushi/vec4 1, 0, 1;
    %store/vec4 v0xb869c27ca840_0, 0, 1;
    %pushi/vec4 1, 0, 2;
    %store/vec4 v0xb869c27caf60_0, 0, 2;
    %pushi/vec4 0, 0, 3;
    %store/vec4 v0xb869c27cab60_0, 0, 3;
    %pushi/vec4 0, 0, 1;
    %store/vec4 v0xb869c27cad00_0, 0, 1;
    %pushi/vec4 0, 0, 4;
    %store/vec4 v0xb869c279ed00_0, 0, 4;
    %jmp T_0.7;
T_0.5 ;
    %pushi/vec4 0, 0, 1;
    %store/vec4 v0xb869c27caea0_0, 0, 1;
    %pushi/vec4 1, 0, 1;
    %store/vec4 v0xb869c27ca840_0, 0, 1;
    %pushi/vec4 1, 0, 3;
    %store/vec4 v0xb869c27cab60_0, 0, 3;
    %pushi/vec4 1, 0, 1;
    %store/vec4 v0xb869c27cad00_0, 0, 1;
    %pushi/vec4 0, 0, 4;
    %store/vec4 v0xb869c279ed00_0, 0, 4;
    %jmp T_0.7;
T_0.6 ;
    %pushi/vec4 1, 0, 1;
    %store/vec4 v0xb869c27caea0_0, 0, 1;
    %pushi/vec4 1, 0, 1;
    %store/vec4 v0xb869c27ca840_0, 0, 1;
    %pushi/vec4 0, 0, 2;
    %store/vec4 v0xb869c27caf60_0, 0, 2;
    %pushi/vec4 3, 0, 3;
    %store/vec4 v0xb869c27cab60_0, 0, 3;
    %jmp T_0.7;
T_0.7 ;
    %pop/vec4 1;
    %jmp T_0;
    .thread T_0, $push;
# The file index is used to find the file name in the following table.
:file_names 3;
    "N/A";
    "<interactive>";
    "/home/hdl/HDL/RV_PL/controller.v";
